2025/03/20 16:03:19 {"callers":["/Users/wenzhuo/Desktop/workspace/tour-book/blog-service/main.go:21 main.init.0"],"level":"info","message":"eddycjy: go-programming-tour-book/blog-service","time":1742457799924321000}
2025/03/20 16:24:50 {"callers":["/Users/wenzhuo/Desktop/workspace/tour-book/blog-service/main.go:21 main.init.0"],"level":"info","message":"eddycjy: go-programming-tour-book/blog-service","time":1742459090101528000}
2025/03/20 16:42:04 {"callers":["/Users/wenzhuo/Desktop/workspace/tour-book/blog-service/main.go:21 main.init.0"],"level":"info","message":"eddycjy: go-programming-tour-book/blog-service","time":1742460124762101000}
2025/03/20 16:42:26 {"callers":["/Users/wenzhuo/Desktop/workspace/tour-book/blog-service/main.go:21 main.init.0"],"level":"info","message":"eddycjy: go-programming-tour-book/blog-service","time":1742460146471270000}
2025/03/20 17:23:52 {"callers":["/Users/wenzhuo/Desktop/workspace/tour-book/blog-service/main.go:21 main.init.0"],"level":"info","message":"eddycjy: go-programming-tour-book/blog-service","time":1742462632058626000}
2025/03/20 17:24:17 {"callers":["/Users/wenzhuo/Desktop/workspace/tour-book/blog-service/main.go:21 main.init.0"],"level":"error","message":"app.BindAndValid errs: State必须是[0 1]中的一个","time":1742462657677585000}
2025/03/20 18:24:26 {"callers":["/Users/wenzhuo/Desktop/workspace/tour-book/blog-service/main.go:21 main.init.0"],"level":"info","message":"eddycjy: go-programming-tour-book/blog-service","time":1742466266584263000}
2025/03/20 18:24:51 {"callers":["/Users/wenzhuo/Desktop/workspace/tour-book/blog-service/main.go:21 main.init.0"],"level":"error","message":"app.BindAndValid errs: Name长度必须至少为3个字符","time":1742466291002438000}
2025/03/24 12:08:42 {"callers":["/Users/wenzhuo/Desktop/workspace/tour-book/blog-service/main.go:21 main.init.0"],"level":"info","message":"eddycjy: go-programming-tour-book/blog-service","time":1742789322681272000}
2025/03/24 12:13:21 {"callers":["/Users/wenzhuo/Desktop/workspace/tour-book/blog-service/main.go:21 main.init.0"],"level":"info","message":"eddycjy: go-programming-tour-book/blog-service","time":1742789601639256000}
2025/03/24 12:19:50 {"callers":["/Users/wenzhuo/Desktop/workspace/tour-book/blog-service/main.go:21 main.init.0"],"level":"info","message":"eddycjy: go-programming-tour-book/blog-service","time":1742789990032233000}
2025/03/24 12:22:55 {"callers":["/Users/wenzhuo/Desktop/workspace/tour-book/blog-service/main.go:21 main.init.0"],"level":"info","message":"eddycjy: go-programming-tour-book/blog-service","time":1742790175313625000}
2025/03/24 12:23:53 {"callers":["/Users/wenzhuo/Desktop/workspace/tour-book/blog-service/main.go:21 main.init.0"],"level":"info","message":"eddycjy: go-programming-tour-book/blog-service","time":1742790233917707000}
2025/03/24 12:25:11 {"callers":["/Users/wenzhuo/Desktop/workspace/tour-book/blog-service/main.go:21 main.init.0"],"level":"info","message":"eddycjy: go-programming-tour-book/blog-service","time":1742790311938523000}
2025/03/24 12:25:15 {"callers":["/Users/wenzhuo/Desktop/workspace/tour-book/blog-service/main.go:21 main.init.0"],"level":"info","message":"eddycjy: go-programming-tour-book/blog-service","time":1742790315419936000}
2025/03/24 12:25:48 {"callers":["/Users/wenzhuo/Desktop/workspace/tour-book/blog-service/main.go:21 main.init.0"],"level":"info","message":"eddycjy: go-programming-tour-book/blog-service","time":1742790348710017000}
2025/03/24 12:26:11 {"callers":["/Users/wenzhuo/Desktop/workspace/tour-book/blog-service/main.go:21 main.init.0"],"level":"info","message":"eddycjy: go-programming-tour-book/blog-service","time":1742790371226768000}
2025/03/24 12:26:23 {"callers":["/Users/wenzhuo/Desktop/workspace/tour-book/blog-service/main.go:21 main.init.0"],"level":"info","message":"eddycjy: go-programming-tour-book/blog-service","time":1742790383235856000}
2025/03/24 12:29:07 {"callers":["/Users/wenzhuo/Desktop/workspace/tour-book/blog-service/main.go:21 main.init.0"],"level":"info","message":"eddycjy: go-programming-tour-book/blog-service","time":1742790547378759000}
2025/03/24 12:29:07 {"callers":["/Users/wenzhuo/Desktop/workspace/tour-book/blog-service/main.go:21 main.init.0"],"level":"error","message":"err:listen tcp :8000: bind: address already in use","time":1742790547379691000}
2025/03/24 12:29:29 {"callers":["/Users/wenzhuo/Desktop/workspace/tour-book/blog-service/main.go:21 main.init.0"],"level":"info","message":"eddycjy: go-programming-tour-book/blog-service","time":1742790569285654000}
2025/03/24 12:29:29 {"callers":["/Users/wenzhuo/Desktop/workspace/tour-book/blog-service/main.go:21 main.init.0"],"level":"error","message":"err:listen tcp :8000: bind: address already in use","time":1742790569286547000}
2025/03/24 12:29:37 {"callers":["/Users/wenzhuo/Desktop/workspace/tour-book/blog-service/main.go:21 main.init.0"],"level":"info","message":"eddycjy: go-programming-tour-book/blog-service","time":1742790577036216000}
2025/03/24 12:29:37 {"callers":["/Users/wenzhuo/Desktop/workspace/tour-book/blog-service/main.go:21 main.init.0"],"level":"error","message":"err:listen tcp :8000: bind: address already in use","time":1742790577036485000}
2025/03/24 12:29:43 {"callers":["/Users/wenzhuo/Desktop/workspace/tour-book/blog-service/main.go:21 main.init.0"],"level":"info","message":"eddycjy: go-programming-tour-book/blog-service","time":1742790583844535000}
2025/03/24 12:29:56 {"callers":["/Users/wenzhuo/Desktop/workspace/tour-book/blog-service/main.go:21 main.init.0"],"level":"error","message":"err:listen tcp :8000: bind: address already in use","time":1742790596758318000}
2025/03/24 12:30:12 {"callers":["/Users/wenzhuo/Desktop/workspace/tour-book/blog-service/main.go:22 main.init.0"],"level":"info","message":"eddycjy: go-programming-tour-book/blog-service","time":1742790612972319000}
2025/03/24 12:31:53 {"callers":["/Users/wenzhuo/Desktop/workspace/tour-book/blog-service/main.go:22 main.init.0"],"level":"info","message":"eddycjy: go-programming-tour-book/blog-service","time":1742790713428482000}
2025/03/24 14:28:59 {"callers":["/Users/wenzhuo/Desktop/workspace/tour-book/blog-service/main.go:22 main.init.0"],"level":"info","message":"eddycjy: go-programming-tour-book/blog-service","time":1742797739350346000}
2025/03/24 14:30:51 {"callers":["/Users/wenzhuo/Desktop/workspace/tour-book/blog-service/main.go:22 main.init.0"],"level":"info","message":"eddycjy: go-programming-tour-book/blog-service","time":1742797851475462000}
2025/03/24 14:34:14 {"callers":["/Users/wenzhuo/Desktop/workspace/tour-book/blog-service/main.go:22 main.init.0"],"level":"info","message":"eddycjy: go-programming-tour-book/blog-service","time":1742798054007943000}
2025/03/24 14:36:19 {"callers":["/Users/wenzhuo/Desktop/workspace/tour-book/blog-service/main.go:22 main.init.0"],"level":"info","message":"eddycjy: go-programming-tour-book/blog-service","time":1742798179396844000}
2025/03/24 14:37:15 {"callers":["/Users/wenzhuo/Desktop/workspace/tour-book/blog-service/main.go:22 main.init.0"],"level":"info","message":"eddycjy: go-programming-tour-book/blog-service","time":1742798235252259000}
2025/03/24 14:53:53 {"callers":["/Users/wenzhuo/Desktop/workspace/tour-book/blog-service/main.go:22 main.init.0"],"level":"info","message":"eddycjy: go-programming-tour-book/blog-service","time":1742799233785872000}
2025/03/24 14:59:58 {"callers":["/Users/wenzhuo/Desktop/workspace/tour-book/blog-service/main.go:22 main.init.0"],"level":"info","message":"eddycjy: go-programming-tour-book/blog-service","time":1742799598104632000}
2025/03/24 15:00:06 {"callers":["/Users/wenzhuo/Desktop/workspace/tour-book/blog-service/main.go:22 main.init.0"],"level":"error","message":"err:listen tcp :8000: bind: address already in use","time":1742799606439888000}
2025/03/24 15:00:40 {"callers":["/Users/wenzhuo/Desktop/workspace/tour-book/blog-service/main.go:22 main.init.0"],"level":"info","message":"eddycjy: go-programming-tour-book/blog-service","time":1742799640849084000}
2025/03/24 15:02:11 {"callers":["/Users/wenzhuo/Desktop/workspace/tour-book/blog-service/main.go:22 main.init.0"],"level":"info","message":"eddycjy: go-programming-tour-book/blog-service","time":1742799731326125000}
2025/03/24 15:08:21 {"callers":["/Users/wenzhuo/Desktop/workspace/tour-book/blog-service/main.go:22 main.init.0"],"level":"info","message":"eddycjy: go-programming-tour-book/blog-service","time":1742800101524097000}
2025/03/24 15:14:24 {"callers":["/Users/wenzhuo/Desktop/workspace/tour-book/blog-service/main.go:22 main.init.0"],"level":"info","message":"eddycjy: go-programming-tour-book/blog-service","time":1742800464502081000}
2025/03/24 15:17:18 {"callers":["/Users/wenzhuo/Desktop/workspace/tour-book/blog-service/main.go:22 main.init.0"],"level":"info","message":"eddycjy: go-programming-tour-book/blog-service","time":1742800638639868000}
2025/03/24 15:22:40 {"callers":["/Users/wenzhuo/Desktop/workspace/tour-book/blog-service/main.go:22 main.init.0"],"level":"info","message":"eddycjy: go-programming-tour-book/blog-service","time":1742800960123916000}
2025/03/24 15:36:37 {"callers":["/Users/wenzhuo/Desktop/workspace/tour-book/blog-service/main.go:22 main.init.0"],"level":"info","message":"eddycjy: go-programming-tour-book/blog-service","time":1742801797036153000}
2025/03/24 16:24:46 {"callers":["/Users/wenzhuo/Desktop/workspace/tour-book/blog-service/main.go:22 main.init.0"],"level":"info","message":"eddycjy: go-programming-tour-book/blog-service","time":1742804686396819000}
2025/03/24 16:24:46 {"callers":["/Users/wenzhuo/Desktop/workspace/tour-book/blog-service/main.go:22 main.init.0"],"level":"error","message":"err:listen tcp :8000: bind: address already in use","time":1742804686397734000}
2025/03/24 16:24:55 {"callers":["/Users/wenzhuo/Desktop/workspace/tour-book/blog-service/main.go:22 main.init.0"],"level":"info","message":"eddycjy: go-programming-tour-book/blog-service","time":1742804695986577000}
2025/03/24 16:24:55 {"callers":["/Users/wenzhuo/Desktop/workspace/tour-book/blog-service/main.go:22 main.init.0"],"level":"error","message":"err:listen tcp :8000: bind: address already in use","time":1742804695987022000}
2025/03/24 16:25:22 {"callers":["/Users/wenzhuo/Desktop/workspace/tour-book/blog-service/main.go:22 main.init.0"],"level":"info","message":"eddycjy: go-programming-tour-book/blog-service","time":1742804722469155000}
2025/03/24 16:25:22 {"callers":["/Users/wenzhuo/Desktop/workspace/tour-book/blog-service/main.go:22 main.init.0"],"level":"error","message":"err:listen tcp :8000: bind: address already in use","time":1742804722469615000}
2025/03/24 16:25:35 {"callers":["/Users/wenzhuo/Desktop/workspace/tour-book/blog-service/main.go:22 main.init.0"],"level":"info","message":"eddycjy: go-programming-tour-book/blog-service","time":1742804735769237000}
2025/03/24 16:25:35 {"callers":["/Users/wenzhuo/Desktop/workspace/tour-book/blog-service/main.go:22 main.init.0"],"level":"error","message":"err:listen tcp :8000: bind: address already in use","time":1742804735769706000}
2025/03/24 16:25:42 {"callers":["/Users/wenzhuo/Desktop/workspace/tour-book/blog-service/main.go:22 main.init.0"],"level":"info","message":"eddycjy: go-programming-tour-book/blog-service","time":1742804742422522000}
2025/03/24 16:25:42 {"callers":["/Users/wenzhuo/Desktop/workspace/tour-book/blog-service/main.go:22 main.init.0"],"level":"error","message":"err:listen tcp :8000: bind: address already in use","time":1742804742422979000}
2025/03/24 16:25:51 {"callers":["/Users/wenzhuo/Desktop/workspace/tour-book/blog-service/main.go:22 main.init.0"],"level":"info","message":"eddycjy: go-programming-tour-book/blog-service","time":1742804751333168000}
2025/03/24 16:25:51 {"callers":["/Users/wenzhuo/Desktop/workspace/tour-book/blog-service/main.go:22 main.init.0"],"level":"error","message":"err:listen tcp :8000: bind: address already in use","time":1742804751333759000}
2025/03/24 16:26:45 {"callers":["/Users/wenzhuo/Desktop/workspace/tour-book/blog-service/main.go:22 main.init.0"],"level":"info","message":"eddycjy: go-programming-tour-book/blog-service","time":1742804805357645000}
2025/03/24 16:26:59 {"callers":["/Users/wenzhuo/Desktop/workspace/tour-book/blog-service/main.go:22 main.init.0"],"level":"info","message":"eddycjy: go-programming-tour-book/blog-service","time":1742804819543853000}
2025/03/24 16:44:12 {"callers":["/Users/wenzhuo/Desktop/workspace/tour-book/blog-service/main.go:22 main.init.0"],"level":"info","message":"eddycjy: go-programming-tour-book/blog-service","time":1742805852519846000}
2025/03/24 18:30:29 {"callers":["/Users/wenzhuo/Desktop/workspace/tour-book/blog-service/main.go:22 main.init.0"],"level":"info","message":"eddycjy: go-programming-tour-book/blog-service","time":1742812229662574000}
2025/03/24 18:31:47 {"callers":["/Users/wenzhuo/Desktop/workspace/tour-book/blog-service/main.go:22 main.init.0"],"level":"error","message":"app.BindAndValid errs: AppKey为必填字段,AppSecret为必填字段","time":1742812307371721000}
2025/03/24 18:38:39 {"callers":["/Users/wenzhuo/Desktop/workspace/tour-book/blog-service/main.go:22 main.init.0"],"level":"error","message":"app.BindAndValid errs: AppKey为必填字段,AppSecret为必填字段","time":1742812719320666000}
2025/03/24 18:41:41 {"callers":["/Users/wenzhuo/Desktop/workspace/tour-book/blog-service/main.go:22 main.init.0"],"level":"error","message":"app.BindAndValid errs: AppKey为必填字段,AppSecret为必填字段","time":1742812901536739000}
2025/03/24 18:50:28 {"callers":["/Users/wenzhuo/Desktop/workspace/tour-book/blog-service/main.go:22 main.init.0"],"level":"info","message":"eddycjy: go-programming-tour-book/blog-service","time":1742813428612289000}
2025/03/24 18:50:53 {"callers":["/Users/wenzhuo/Desktop/workspace/tour-book/blog-service/main.go:22 main.init.0"],"level":"error","message":"app.BindAndValid errs: AppKey为必填字段,AppSecret为必填字段","time":1742813453974285000}
2025/03/24 18:52:51 {"callers":["/Users/wenzhuo/Desktop/workspace/tour-book/blog-service/main.go:22 main.init.0"],"level":"error","message":"app.BindAndValid errs: AppKey为必填字段,AppSecret为必填字段","time":1742813571441053000}
2025/03/24 18:55:52 {"callers":["/Users/wenzhuo/Desktop/workspace/tour-book/blog-service/main.go:22 main.init.0"],"level":"error","message":"app.BindAndValid errs: AppSecret为必填字段,AppKey为必填字段","time":1742813752241745000}
2025/03/24 18:56:59 {"callers":["/Users/wenzhuo/Desktop/workspace/tour-book/blog-service/main.go:22 main.init.0"],"level":"error","message":"app.BindAndValid errs: ","time":1742813819627019000}
2025/03/24 18:57:24 {"callers":["/Users/wenzhuo/Desktop/workspace/tour-book/blog-service/main.go:22 main.init.0"],"level":"error","message":"app.BindAndValid errs: ","time":1742813844938006000}
2025/03/24 18:59:44 {"callers":["/Users/wenzhuo/Desktop/workspace/tour-book/blog-service/main.go:22 main.init.0"],"level":"error","message":"app.BindAndValid errs: ","time":1742813984692342000}
2025/03/24 19:01:11 {"callers":["/Users/wenzhuo/Desktop/workspace/tour-book/blog-service/main.go:22 main.init.0"],"level":"error","message":"app.BindAndValid errs: AppKey为必填字段,AppSecret为必填字段","time":1742814071472634000}
2025/03/24 19:01:30 {"callers":["/Users/wenzhuo/Desktop/workspace/tour-book/blog-service/main.go:22 main.init.0"],"level":"error","message":"app.BindAndValid errs: ","time":1742814090905464000}
2025/03/24 19:01:32 {"callers":["/Users/wenzhuo/Desktop/workspace/tour-book/blog-service/main.go:22 main.init.0"],"level":"error","message":"app.BindAndValid errs: ","time":1742814092538866000}
2025/03/24 19:01:44 {"callers":["/Users/wenzhuo/Desktop/workspace/tour-book/blog-service/main.go:22 main.init.0"],"level":"error","message":"app.BindAndValid errs: ","time":1742814104663114000}
2025/03/24 19:02:06 {"callers":["/Users/wenzhuo/Desktop/workspace/tour-book/blog-service/main.go:22 main.init.0"],"level":"error","message":"app.BindAndValid errs: AppKey为必填字段,AppSecret为必填字段","time":1742814126348657000}
2025/03/24 19:02:12 {"callers":["/Users/wenzhuo/Desktop/workspace/tour-book/blog-service/main.go:22 main.init.0"],"level":"error","message":"app.BindAndValid errs: AppKey为必填字段,AppSecret为必填字段","time":1742814132320628000}
2025/03/24 19:02:22 {"callers":["/Users/wenzhuo/Desktop/workspace/tour-book/blog-service/main.go:22 main.init.0"],"level":"error","message":"app.BindAndValid errs: AppKey为必填字段,AppSecret为必填字段","time":1742814142794829000}
2025/03/24 19:02:23 {"callers":["/Users/wenzhuo/Desktop/workspace/tour-book/blog-service/main.go:22 main.init.0"],"level":"error","message":"app.BindAndValid errs: AppKey为必填字段,AppSecret为必填字段","time":1742814143890395000}
2025/03/24 19:02:25 {"callers":["/Users/wenzhuo/Desktop/workspace/tour-book/blog-service/main.go:22 main.init.0"],"level":"error","message":"app.BindAndValid errs: AppKey为必填字段,AppSecret为必填字段","time":1742814145012224000}
2025/03/24 19:02:31 {"callers":["/Users/wenzhuo/Desktop/workspace/tour-book/blog-service/main.go:22 main.init.0"],"level":"error","message":"app.BindAndValid errs: AppKey为必填字段,AppSecret为必填字段","time":1742814151873436000}
2025/03/24 19:02:32 {"callers":["/Users/wenzhuo/Desktop/workspace/tour-book/blog-service/main.go:22 main.init.0"],"level":"error","message":"app.BindAndValid errs: AppSecret为必填字段,AppKey为必填字段","time":1742814152776170000}
2025/03/24 19:02:41 {"callers":["/Users/wenzhuo/Desktop/workspace/tour-book/blog-service/main.go:22 main.init.0"],"level":"error","message":"app.BindAndValid errs: AppKey为必填字段,AppSecret为必填字段","time":1742814161748353000}
2025/03/24 19:02:43 {"callers":["/Users/wenzhuo/Desktop/workspace/tour-book/blog-service/main.go:22 main.init.0"],"level":"error","message":"app.BindAndValid errs: AppKey为必填字段,AppSecret为必填字段","time":1742814163075445000}
2025/03/24 19:03:23 {"callers":["/Users/wenzhuo/Desktop/workspace/tour-book/blog-service/main.go:22 main.init.0"],"level":"error","message":"svc.CheckAuth err: auth info does not exist.","time":1742814203966998000}
2025/03/24 19:03:39 {"callers":["/Users/wenzhuo/Desktop/workspace/tour-book/blog-service/main.go:22 main.init.0"],"level":"error","message":"svc.CheckAuth err: auth info does not exist.","time":1742814219641919000}
2025/03/24 19:08:11 {"callers":["/Users/wenzhuo/Desktop/workspace/tour-book/blog-service/main.go:22 main.init.0"],"level":"error","message":"app.BindAndValid errs: AppKey为必填字段,AppSecret为必填字段","time":1742814491143784000}
2025/03/24 19:08:28 {"callers":["/Users/wenzhuo/Desktop/workspace/tour-book/blog-service/main.go:22 main.init.0"],"level":"error","message":"app.BindAndValid errs: AppKey为必填字段,AppSecret为必填字段","time":1742814508500896000}
2025/03/24 19:08:52 {"callers":["/Users/wenzhuo/Desktop/workspace/tour-book/blog-service/main.go:22 main.init.0"],"level":"error","message":"app.BindAndValid errs: AppKey为必填字段,AppSecret为必填字段","time":1742814532166024000}
2025/03/24 19:17:18 {"callers":["/Users/wenzhuo/Desktop/workspace/tour-book/blog-service/main.go:22 main.init.0"],"level":"error","message":"app.BindAndValid errs: AppKey为必填字段,AppSecret为必填字段","time":1742815038246179000}
2025/03/25 09:48:20 {"callers":["/Users/wenzhuo/Desktop/workspace/tour-book/blog-service/main.go:22 main.init.0"],"level":"info","message":"eddycjy: go-programming-tour-book/blog-service","time":1742867300041420000}
2025/03/25 10:59:23 {"callers":["/Users/wenzhuo/Desktop/workspace/tour-book/blog-service/main.go:22 main.init.0"],"level":"info","message":"eddycjy: go-programming-tour-book/blog-service","time":1742871563256422000}
2025/03/25 11:23:35 {"callers":["/Users/wenzhuo/Desktop/workspace/tour-book/blog-service/main.go:22 main.init.0"],"level":"info","message":"eddycjy: go-programming-tour-book/blog-service","time":1742873015225290000}
2025/03/25 11:23:35 {"callers":["/Users/wenzhuo/Desktop/workspace/tour-book/blog-service/main.go:22 main.init.0"],"level":"error","message":"err:listen tcp :8000: bind: address already in use","time":1742873015225895000}
2025/03/27 11:42:50 {"callers":["/Users/wenzhuo/Desktop/workspace/tour-book/blog-service/main.go:22 main.init.0"],"level":"info","message":"eddycjy: go-programming-tour-book/blog-service","time":1743046970121027000}
2025/03/27 11:44:50 {"callers":["/Users/wenzhuo/Desktop/workspace/tour-book/blog-service/main.go:22 main.init.0"],"level":"info","message":"eddycjy: go-programming-tour-book/blog-service","time":1743047090304874000}
2025/03/27 12:02:50 {"callers":["/Users/wenzhuo/Desktop/workspace/tour-book/blog-service/main.go:22 main.init.0"],"level":"info","message":"eddycjy: go-programming-tour-book/blog-service","time":1743048170124469000}
2025/03/27 12:03:10 {"callers":["/Users/wenzhuo/Desktop/workspace/tour-book/blog-service/main.go:22 main.init.0"],"level":"info","message":"eddycjy: go-programming-tour-book/blog-service","time":1743048190118329000}
2025/03/28 11:58:14 {"callers":["/Users/wenzhuo/Desktop/workspace/tour-book/blog-service/main.go:22 main.init.0"],"level":"info","message":"eddycjy: go-programming-tour-book/blog-service","time":1743134294453269000}
2025/03/28 12:12:20 {"callers":["/Users/wenzhuo/Desktop/workspace/tour-book/blog-service/main.go:22 main.init.0"],"level":"info","message":"eddycjy: go-programming-tour-book/blog-service","time":1743135140480614000}
2025/03/28 17:23:52 {"callers":["/Users/wenzhuo/Desktop/workspace/tour-book/blog-service/main.go:22 main.init.0"],"level":"info","message":"eddycjy: go-programming-tour-book/blog-service","time":1743153832586826000}
2025/03/28 17:36:09 {"callers":["/Users/wenzhuo/Desktop/workspace/tour-book/blog-service/main.go:22 main.init.0"],"level":"error","message":"app.BindAndValid errs: Name为必填字段,CreatedBy为必填字段","time":1743154569317873000}
2025/03/28 17:36:15 {"callers":["/Users/wenzhuo/Desktop/workspace/tour-book/blog-service/main.go:22 main.init.0"],"level":"error","message":"app.BindAndValid errs: CreatedBy为必填字段,Name为必填字段","time":1743154575773239000}
2025/03/28 17:36:57 {"callers":["/Users/wenzhuo/Desktop/workspace/tour-book/blog-service/main.go:22 main.init.0"],"level":"error","message":"app.BindAndValid errs: Name为必填字段,CreatedBy为必填字段","time":1743154617588873000}
2025/03/28 17:37:06 {"callers":["/Users/wenzhuo/Desktop/workspace/tour-book/blog-service/main.go:22 main.init.0"],"level":"error","message":"app.BindAndValid errs: Name为必填字段,CreatedBy为必填字段","time":1743154626086901000}
2025/03/28 17:37:37 {"callers":["/Users/wenzhuo/Desktop/workspace/tour-book/blog-service/main.go:22 main.init.0"],"level":"error","message":"app.BindAndValid errs: Name为必填字段,CreatedBy为必填字段","time":1743154657080020000}
2025/03/28 17:37:46 {"callers":["/Users/wenzhuo/Desktop/workspace/tour-book/blog-service/main.go:22 main.init.0"],"level":"error","message":"app.BindAndValid errs: CreatedBy为必填字段,Name为必填字段","time":1743154666343340000}
2025/03/28 17:38:19 {"callers":["/Users/wenzhuo/Desktop/workspace/tour-book/blog-service/main.go:22 main.init.0"],"level":"error","message":"app.BindAndValid errs: Name为必填字段,CreatedBy为必填字段","time":1743154699120055000}
2025/03/28 17:38:27 {"callers":["/Users/wenzhuo/Desktop/workspace/tour-book/blog-service/main.go:22 main.init.0"],"level":"error","message":"app.BindAndValid errs: CreatedBy为必填字段,Name为必填字段","time":1743154707584184000}
2025/03/28 17:40:33 {"callers":["/Users/wenzhuo/Desktop/workspace/tour-book/blog-service/main.go:22 main.init.0"],"level":"error","message":"app.BindAndValid errs: CreatedBy为必填字段,Name为必填字段","time":1743154833037748000}
2025/03/28 17:41:04 {"callers":["/Users/wenzhuo/Desktop/workspace/tour-book/blog-service/main.go:22 main.init.0"],"level":"error","message":"app.BindAndValid errs: Name为必填字段,CreatedBy为必填字段","time":1743154864176360000}
2025/03/31 09:44:14 {"callers":["/Users/wenzhuo/Desktop/workspace/tour-book/blog-service/main.go:22 main.init.0"],"level":"error","message":"svc.CountTag err: commands out of sync. You can't run this command now","time":1743385454253717000}
2025/03/31 14:22:48 {"callers":["/Users/wenzhuo/Desktop/workspace/tour-book/blog-service/main.go:23 main.init.0"],"level":"info","message":"\u0026{debug 8000 1m0s 1m0s}","time":1743402168858336000}
2025/03/31 14:22:48 {"callers":["/Users/wenzhuo/Desktop/workspace/tour-book/blog-service/main.go:23 main.init.0"],"level":"info","message":"\u0026{10 100 storage/logs app .log storage/uploads http://127.0.0.1:8000/static 5 [.jpg .jpeg .png]}","time":1743402168859202000}
2025/03/31 14:22:48 {"callers":["/Users/wenzhuo/Desktop/workspace/tour-book/blog-service/main.go:23 main.init.0"],"level":"info","message":"\u0026{mysql root 1234 127.0.0.1:3306 blog_service blog_ utf8 true 10 30}","time":1743402168859215000}
2025/03/31 14:22:48 {"callers":["/Users/wenzhuo/Desktop/workspace/tour-book/blog-service/main.go:23 main.init.0"],"level":"info","message":"eddycjy: go-programming-tour-book/blog-service","time":1743402168859221000}
